
Showing logs for build [32mcb-kubecd-bdd-ghfjxy-1568387614-cjxgs-1[0m stage [32mmeta-pipeline[0m and container [32mstep-credential-initializer-44wdf[0m
{"level":"warn","ts":1568387924.158189,"logger":"fallback-logger","caller":"logging/config.go:69","msg":"Fetch GitHub commit ID from kodata failed: \"ref: refs/heads/master\" is not a valid GitHub commit ID"}
{"level":"info","ts":1568387924.158639,"logger":"fallback-logger","caller":"creds-init/main.go:40","msg":"Credentials initialized."}

Showing logs for build [32mcb-kubecd-bdd-ghfjxy-1568387614-cjxgs-1[0m stage [32mmeta-pipeline[0m and container [32mstep-working-dir-initializer-j6mr8[0m
{"level":"warn","ts":1568387924.6125705,"logger":"fallback-logger","caller":"logging/config.go:69","msg":"Fetch GitHub commit ID from kodata failed: open /var/run/ko/HEAD: no such file or directory"}
{"level":"info","ts":1568387924.6139557,"logger":"fallback-logger","caller":"bash/main.go:65","msg":"Successfully executed command \"mkdir -p /workspace/source\""}

Showing logs for build [32mcb-kubecd-bdd-ghfjxy-1568387614-cjxgs-1[0m stage [32mmeta-pipeline[0m and container [32mstep-place-tools[0m

Showing logs for build [32mcb-kubecd-bdd-ghfjxy-1568387614-cjxgs-1[0m stage [32mmeta-pipeline[0m and container [32mstep-git-source-meta-cb-kubecd-bdd-ghfjxy-15683-2h8xr[0m
{"level":"warn","ts":1568387930.7227263,"logger":"fallback-logger","caller":"logging/config.go:69","msg":"Fetch GitHub commit ID from kodata failed: \"ref: refs/heads/master\" is not a valid GitHub commit ID"}
{"level":"info","ts":1568387931.8184946,"logger":"fallback-logger","caller":"git/git.go:102","msg":"Successfully cloned https://github.com/cb-kubecd/bdd-ghf**y-1568387614.git @ 9edc76e35700202d643f4b52f738c977213d9b49 in path /workspace/source"}

Showing logs for build [32mcb-kubecd-bdd-ghfjxy-1568387614-cjxgs-1[0m stage [32mmeta-pipeline[0m and container [32mstep-git-merge[0m
Using SHAs from PULL_REFS=master:9edc76e35700202d643f4b52f738c977213d9b49,1:966215c3f98e4de8620d613ca26ac4b6053f1f72
DEBUG: ran git fetch --unshallow origin 966215c3f98e4de8620d613ca26ac4b6053f1f72: 9edc76e35700202d643f4b52f738c977213d9b49: in 
DEBUG: ran git checkout master in 
DEBUG: ran git reset --hard 9edc76e35700202d643f4b52f738c977213d9b49 in 
DEBUG: ran clean --force -d . in 
DEBUG: ran git merge 966215c3f98e4de8620d613ca26ac4b6053f1f72 in 
Merged SHA 966215c3f98e4de8620d613ca26ac4b6053f1f72 with commit message 'My first PR commit' into base branch master

Showing logs for build [32mcb-kubecd-bdd-ghfjxy-1568387614-cjxgs-1[0m stage [32mmeta-pipeline[0m and container [32mstep-merge-pull-refs[0m
DEBUG: ran git fetch origin 966215c3f98e4de8620d613ca26ac4b6053f1f72: 9edc76e35700202d643f4b52f738c977213d9b49: in 
DEBUG: Unshallowed git repo in 
DEBUG: ran git checkout master in 
DEBUG: ran git reset --hard 9edc76e35700202d643f4b52f738c977213d9b49 in 
DEBUG: ran clean --force -d . in 
DEBUG: ran git merge 966215c3f98e4de8620d613ca26ac4b6053f1f72 in 
Merged SHA 966215c3f98e4de8620d613ca26ac4b6053f1f72 with commit message 'My first PR commit' into base branch master

Showing logs for build [32mcb-kubecd-bdd-ghfjxy-1568387614-cjxgs-1[0m stage [32mmeta-pipeline[0m and container [32mstep-create-effective-pipeline[0m
Deleting and cloning the Jenkins X versions repo
Cloning the Jenkins X versions repo https://github.com/jenkins-x/jenkins-x-versions.git with ref refs/heads/master to /builder/home/.**/jenkins-x-versions
performing pack detection in folder /workspace/source
--> Draft detected YAML (67.752116%)
--> Could not find a pack for YAML. Trying to find the next likely language match...
--> Draft detected RPM Spec (14.854397%)
--> Could not find a pack for RPM Spec. Trying to find the next likely language match...
--> Draft detected Coq (6.799598%)
--> Could not find a pack for Coq. Trying to find the next likely language match...
--> Draft detected Smarty (3.701047%)
--> Could not find a pack for Smarty. Trying to find the next likely language match...
--> Draft detected Go (2.904892%)
selected pack: /builder/home/.**/draft/packs/github.com/jenkins-x-buildpacks/jenkins-x-kubernetes/packs/go
Effective pipeline written to jenkins-x-serverless-jenkins-effective.yml

Showing logs for build [32mcb-kubecd-bdd-ghfjxy-1568387614-cjxgs-1[0m stage [32mmeta-pipeline[0m and container [32mstep-create-tekton-crds[0m
PipelineActivity for cb-kubecd-bdd-ghf**y-1568387614-PR-1-1
Applying changes 
upserted PipelineResource cb-kubecd-bdd-ghf**y-1568387614 for the git repository https://github.com/cb-kubecd/bdd-ghf**y-1568387614.git
upserted Task cb-kubecd-bdd-ghf**y-1568387614-c**gs-run-make-1
upserted Task cb-kubecd-bdd-ghf**y-1568387614-c**gs-everything-else-1
upserted Pipeline cb-kubecd-bdd-ghf**y-1568387614-c**gs-1
created PipelineRun cb-kubecd-bdd-ghf**y-1568387614-c**gs-1
created PipelineStructure cb-kubecd-bdd-ghf**y-1568387614-c**gs-1

Showing logs for build [32mcb-kubecd-bdd-ghfjxy-1568387614-cjxgs-1[0m stage [32mrun-make[0m and container [32mstep-credential-initializer-9gj8v[0m
{"level":"warn","ts":1568387955.7062933,"logger":"fallback-logger","caller":"logging/config.go:69","msg":"Fetch GitHub commit ID from kodata failed: \"ref: refs/heads/master\" is not a valid GitHub commit ID"}
{"level":"info","ts":1568387955.7068546,"logger":"fallback-logger","caller":"creds-init/main.go:40","msg":"Credentials initialized."}

Showing logs for build [32mcb-kubecd-bdd-ghfjxy-1568387614-cjxgs-1[0m stage [32mrun-make[0m and container [32mstep-working-dir-initializer-xjh9p[0m
{"level":"warn","ts":1568387956.6579044,"logger":"fallback-logger","caller":"logging/config.go:69","msg":"Fetch GitHub commit ID from kodata failed: open /var/run/ko/HEAD: no such file or directory"}
{"level":"info","ts":1568387956.660648,"logger":"fallback-logger","caller":"bash/main.go:65","msg":"Successfully executed command \"mkdir -p /workspace/source\""}

Showing logs for build [32mcb-kubecd-bdd-ghfjxy-1568387614-cjxgs-1[0m stage [32mrun-make[0m and container [32mstep-place-tools[0m

Showing logs for build [32mcb-kubecd-bdd-ghfjxy-1568387614-cjxgs-1[0m stage [32mrun-make[0m and container [32mstep-git-source-cb-kubecd-bdd-ghfjxy-1568387614-vpzhj[0m
{"level":"warn","ts":1568387962.8103063,"logger":"fallback-logger","caller":"logging/config.go:69","msg":"Fetch GitHub commit ID from kodata failed: \"ref: refs/heads/master\" is not a valid GitHub commit ID"}
{"level":"info","ts":1568387963.8760588,"logger":"fallback-logger","caller":"git/git.go:102","msg":"Successfully cloned https://github.com/cb-kubecd/bdd-ghf**y-1568387614.git @ master in path /workspace/source"}

Showing logs for build [32mcb-kubecd-bdd-ghfjxy-1568387614-cjxgs-1[0m stage [32mrun-make[0m and container [32mstep-git-merge[0m
Using SHAs from PULL_REFS=master:9edc76e35700202d643f4b52f738c977213d9b49,1:966215c3f98e4de8620d613ca26ac4b6053f1f72
DEBUG: ran git fetch --unshallow origin 966215c3f98e4de8620d613ca26ac4b6053f1f72: 9edc76e35700202d643f4b52f738c977213d9b49: in 
DEBUG: ran git checkout master in 
DEBUG: ran git reset --hard 9edc76e35700202d643f4b52f738c977213d9b49 in 
DEBUG: ran clean --force -d . in 
DEBUG: ran git merge 966215c3f98e4de8620d613ca26ac4b6053f1f72 in 
Merged SHA 966215c3f98e4de8620d613ca26ac4b6053f1f72 with commit message 'My first PR commit' into base branch master

Showing logs for build [32mcb-kubecd-bdd-ghfjxy-1568387614-cjxgs-1[0m stage [32mrun-make[0m and container [32mstep-build-make-linux[0m
CGO_ENABLED=0 GOOS=linux GOARCH=amd64 GO15VENDOREXPERIMENT=1 go build -ldflags '' -o bin/bdd-ghf**y-1568387614 main.go

Showing logs for build [32mcb-kubecd-bdd-ghfjxy-1568387614-cjxgs-1[0m stage [32mrun-make[0m and container [32mstep-source-mkdir-cb-kubecd-bdd-ghfjxy-1568387614-6sl6d[0m
{"level":"warn","ts":1568387971.9025886,"logger":"fallback-logger","caller":"logging/config.go:69","msg":"Fetch GitHub commit ID from kodata failed: open /var/run/ko/HEAD: no such file or directory"}
{"level":"info","ts":1568387971.916476,"logger":"fallback-logger","caller":"bash/main.go:65","msg":"Successfully executed command \"mkdir -p /pvc/run-make/workspace\""}

Showing logs for build [32mcb-kubecd-bdd-ghfjxy-1568387614-cjxgs-1[0m stage [32mrun-make[0m and container [32mstep-source-copy-cb-kubecd-bdd-ghfjxy-1568387614-hd6lj[0m
{"level":"warn","ts":1568387972.0734704,"logger":"fallback-logger","caller":"logging/config.go:69","msg":"Fetch GitHub commit ID from kodata failed: open /var/run/ko/HEAD: no such file or directory"}
{"level":"info","ts":1568387972.0900242,"logger":"fallback-logger","caller":"bash/main.go:65","msg":"Successfully executed command \"cp -r /workspace/source/. /pvc/run-make/workspace\""}

Showing logs for build [32mcb-kubecd-bdd-ghfjxy-1568387614-cjxgs-1[0m stage [32meverything-else[0m and container [32mstep-credential-initializer-5swpm[0m
{"level":"warn","ts":1568387979.9763613,"logger":"fallback-logger","caller":"logging/config.go:69","msg":"Fetch GitHub commit ID from kodata failed: \"ref: refs/heads/master\" is not a valid GitHub commit ID"}
{"level":"info","ts":1568387979.9769762,"logger":"fallback-logger","caller":"creds-init/main.go:40","msg":"Credentials initialized."}

Showing logs for build [32mcb-kubecd-bdd-ghfjxy-1568387614-cjxgs-1[0m stage [32meverything-else[0m and container [32mstep-working-dir-initializer-m7cd7[0m
{"level":"warn","ts":1568387981.0153406,"logger":"fallback-logger","caller":"logging/config.go:69","msg":"Fetch GitHub commit ID from kodata failed: open /var/run/ko/HEAD: no such file or directory"}
{"level":"info","ts":1568387981.0173008,"logger":"fallback-logger","caller":"bash/main.go:65","msg":"Successfully executed command \"mkdir -p /workspace/source /workspace/source/charts/preview\""}

Showing logs for build [32mcb-kubecd-bdd-ghfjxy-1568387614-cjxgs-1[0m stage [32meverything-else[0m and container [32mstep-place-tools[0m

Showing logs for build [32mcb-kubecd-bdd-ghfjxy-1568387614-cjxgs-1[0m stage [32meverything-else[0m and container [32mstep-create-dir-workspace-p5nsc[0m
{"level":"warn","ts":1568387988.1643744,"logger":"fallback-logger","caller":"logging/config.go:69","msg":"Fetch GitHub commit ID from kodata failed: open /var/run/ko/HEAD: no such file or directory"}
{"level":"info","ts":1568387988.1666617,"logger":"fallback-logger","caller":"bash/main.go:65","msg":"Successfully executed command \"mkdir -p /workspace/source\""}

Showing logs for build [32mcb-kubecd-bdd-ghfjxy-1568387614-cjxgs-1[0m stage [32meverything-else[0m and container [32mstep-source-copy-workspace-cnsqg[0m
{"level":"warn","ts":1568387988.479476,"logger":"fallback-logger","caller":"logging/config.go:69","msg":"Fetch GitHub commit ID from kodata failed: open /var/run/ko/HEAD: no such file or directory"}
{"level":"info","ts":1568387988.7387054,"logger":"fallback-logger","caller":"bash/main.go:65","msg":"Successfully executed command \"cp -r /pvc/run-make/workspace/. /workspace/source\""}

Showing logs for build [32mcb-kubecd-bdd-ghfjxy-1568387614-cjxgs-1[0m stage [32meverything-else[0m and container [32mstep-build-container-build[0m
[36mINFO[0m[0000] No base image, nothing to extract            
[36mINFO[0m[0000] cmd: EXPOSE                                  
[36mINFO[0m[0000] Adding exposed port: 8080/tcp                
[36mINFO[0m[0000] Using files from context: [/workspace/source/bin] 
[36mINFO[0m[0000] Skipping unpacking as no commands require it. 
[36mINFO[0m[0000] Taking snapshot of full filesystem...        
[36mINFO[0m[0000] EXPOSE 8080                                  
[36mINFO[0m[0000] cmd: EXPOSE                                  
[36mINFO[0m[0000] Adding exposed port: 8080/tcp                
[36mINFO[0m[0000] No files changed in this command, skipping snapshotting. 
[36mINFO[0m[0000] ENTRYPOINT ["/bdd-ghf**y-1568387614"]        
[36mINFO[0m[0000] No files changed in this command, skipping snapshotting. 
[36mINFO[0m[0000] Using files from context: [/workspace/source/bin] 
[36mINFO[0m[0000] COPY ./bin/ /                                
[36mINFO[0m[0000] Taking snapshot of files...                  
2019/09/13 15:19:52 pushed blob: sha256:1e2c812398ac2497af45d9e0131e09ed34489f6b1cb6862124aa0d01ff09a816
2019/09/13 15:19:53 pushed blob: sha256:6351bfa203bc561263acd12c22cc7744fa0d543031b6de58a27eef9f9465740e
2019/09/13 15:19:55 gcr.io/jenkins-x-bdd3/bdd-ghf**y-1568387614:0.0.0-SNAPSHOT-PR-1-1: digest: sha256:65c89783d72d528c51d98e3caa9dd5c692c0d7d02e8034351b8bd374a645c065 size: 428

Showing logs for build [32mcb-kubecd-bdd-ghfjxy-1568387614-cjxgs-1[0m stage [32meverything-else[0m and container [32mstep-postbuild-post-build[0m
no CVE provider running in the current ** namespace so skip adding image to be analysed

Showing logs for build [32mcb-kubecd-bdd-ghfjxy-1568387614-cjxgs-1[0m stage [32meverything-else[0m and container [32mstep-promote-make-preview[0m
sed -i -e "s/version:.*/version: 0.0.0-SNAPSHOT-PR-1-1/" Chart.yaml
sed -i -e "s/version:.*/version: 0.0.0-SNAPSHOT-PR-1-1/" ../*/Chart.yaml
sed -i -e "s|repository:.*|repository: gcr.io\/jenkins-x-bdd3\/bdd-ghf**y-1568387614|" values.yaml
sed -i -e "s/tag:.*/tag: 0.0.0-SNAPSHOT-PR-1-1/" values.yaml
echo "  version: 0.0.0-SNAPSHOT-PR-1-1" >> requirements.yaml
** step helm build
WARNING: No $CHART_REPOSITORY defined so using the default value of: http://jenkins-x-chartmuseum:8080
Adding missing Helm repo: storage.googleapis.com https://storage.googleapis.com/chartmuseum.jenkins-x.io
Successfully added Helm repository storage.googleapis.com.
Adding missing Helm repo: jenkins-x-chartmuseum http://jenkins-x-chartmuseum:8080
Successfully added Helm repository jenkins-x-chartmuseum.
WARNING: No $CHART_REPOSITORY defined so using the default value of: http://jenkins-x-chartmuseum:8080
Adding missing Helm repo: chartmuseum.jenkins-x.io http://chartmuseum.jenkins-x.io
Successfully added Helm repository chartmuseum.jenkins-x.io.

Showing logs for build [32mcb-kubecd-bdd-ghfjxy-1568387614-cjxgs-1[0m stage [32meverything-else[0m and container [32mstep-promote-jx-preview[0m
Creating a preview
WARNING: No author for commit: 966215c3f98e4de8620d613ca26ac4b6053f1f72
Created environment cb-kubecd-bdd-ghf**y-1568387614-pr-1
Namespace **-cb-kubecd-bdd-ghf**y-1568387614-pr-1 created 
expose:
  Annotations:
    helm.sh/hook: post-install,post-upgrade
    helm.sh/hook-delete-policy: hook-succeeded
  config:
    domain: 35.187.23.130.nip.io
    exposer: Ingress
    http: "true"
preview:
  image:
    repository: gcr.io/jenkins-x-bdd3/bdd-ghf**y-1568387614
    tag: 0.0.0-SNAPSHOT-PR-1-1
Deleting and cloning the Jenkins X versions repo
Cloning the Jenkins X versions repo https://github.com/jenkins-x/jenkins-x-versions.git with ref refs/heads/master to /builder/home/.**/jenkins-x-versions


Updating PipelineActivities cb-kubecd-bdd-ghf**y-1568387614-pr-1-1 which has status Running
WARNING: preview application http://bdd-ghf**y-1568387614.**-cb-kubecd-bdd-ghf**y-1568387614-pr-1.35.187.23.130.nip.io not available, error was 503 503 Service Temporarily Unavailable, delaying for: 1.252573036s
WARNING: preview application http://bdd-ghf**y-1568387614.**-cb-kubecd-bdd-ghf**y-1568387614-pr-1.35.187.23.130.nip.io not available, error was 503 503 Service Temporarily Unavailable, delaying for: 1.795078749s
Preview application is now available at: http://bdd-ghf**y-1568387614.**-cb-kubecd-bdd-ghf**y-1568387614-pr-1.35.187.23.130.nip.io
